part 1: the total winnings are 246795406
23AK5
2436K
259K4
286QA
28T43
29K7A
2T657
2T79Q
2T965
2Q478
34982
35T9K
3674Q
37T48
37A82
3896Q
392TK
3Q274
3QT47
3K457
428K6
4297Q
4297A
43TK7
48T35
48K9Q
49378
4T23A
4K6Q5
4KQ39
523TQ
52A4T
539A4
56T8Q
56QK8
56K97
5T487
5KT49
5A6K4
64AK9
65732
65792
68573
6954Q
69K8A
6T253
6T7KA
6QK32
72TA9
72K89
74238
76A4Q
78KTQ
7953T
79K54
7Q3K8
7QA42
7K4Q6
7A49T
7AK35
8294A
82K9T
85249
86A43
872KT
87542
89QA6
89A3T
8Q235
8Q432
8Q732
8A27K
8A9Q4
92T3Q
9345Q
935T4
93QK6
93K4T
964QT
97853
9TQ57
9Q5T4
9Q74A
9Q8KA
9K7AT
9A384
9A576
9A8T5
T2A7Q
T3A84
T438Q
T5324
T5Q64
T768K
T89A7
TQ2K4
TQ623
TQ85K
TKAQ9
Q23K8
Q2867
Q3KA7
Q5A24
Q673A
Q754K
Q7958
QA2K6
K2365
K264Q
K48Q2
K52QT
K6A58
K7623
K784T
K8T73
K8A2Q
K938T
K9QT8
KT725
KA385
A283T
A3876
A42QK
A46TQ
A5T29
A62T9
A7Q5K
A8T65
A8Q6T
A8Q72
A924Q
A9257
A98TQ
AK4T3
J2873
J2T56
J3TQ6
J45K2
J56T8
J6K25
J7TQ9
J8946
JQ254
JQ35K
JQT62
JK328
22QA3
239Q2
23Q25
24337
2488Q
25K24
278A7
2849J
2962T
2K2Q9
2A343
2A85A
325J4
33265
34Q38
37QTQ
3QQ45
3K398
3K3T2
3AJ86
3A24A
3A623
3ATA6
4J295
4J638
4J6KA
4JTK5
454Q7
45Q4A
46J72
465T4
46947
48493
4996T
49T92
4T23T
52TJ9
52Q28
563KK
57T79
58892
592T5
59563
5Q3T5
5KJ47
5KQ7Q
5A4QJ
5A653
5A9J8
6J7AQ
64AA3
65QJ8
664T5
6652A
668Q2
687K8
6897J
6986K
6TQ5Q
6K675
7J3Q2
7J59T
7JA28
74462
74A22
75583
75687
75882
77836
785Q8
78944
78TAJ
78A4A
78A67
79422
794A4
79743
7Q5Q6
7Q82J
7QQ59
8J6T2
832TJ
83499
8369J
84J32
85232
86J4K
86348
87T86
89T49
8T24T
8TK44
8QA5A
8QA87
8K2A2
8KT2J
8AA94
92652
943AJ
9492K
96567
96862
969KT
973K9
97457
98395
9886A
9924Q
9972A
99TA3
9TAA6
9Q76J
9KJ76
9K692
9AJ4T
TJ72A
TJ85Q
TJA73
TJAK6
T2556
T2866
T2KJ6
T345T
T43KT
T4834
T5KQJ
T5AJ9
T5AAQ
TT658
TT825
TQJ92
TA774
Q2Q63
Q2AAT
Q598Q
Q8KJ5
QT24T
QT6J8
QQ359
QK227
QA8J7
KJ973
K2449
K279K
K2AAT
K4426
K5997
K5TK3
K6944
K85KT
K8TT3
KT54K
KQTJ4
KQTT4
KK783
KAJ2Q
AJ35T
AJ364
AJ543
A29KK
A3J2T
A3448
A384A
A39JQ
A3Q8Q
A3QA8
A4Q24
A5AQ3
A74A2
A848T
A8A46
A963A
ATT26
AQQ49
AQAK6
226KK
22A8A
24255
24A2A
262A6
27575
28844
29424
2TK2T
2Q662
2K7K2
34483
34488
34943
36356
363QQ
37437
37TT3
38899
38KK8
3T38T
3Q4Q4
442T2
44337
445K5
44998
4499A
44K7K
464AA
474K7
484T8
49488
4Q88Q
4QTTQ
4QQ47
52527
53445
53537
54334
54884
55TT2
55TT3
55TT4
57544
5T22T
5KK5T
5ATAT
63763
63QQ6
64463
655A6
65868
66KK7
66ATT
66AA2
66AA9
6996Q
6Q886
73667
74745
74QQ7
75857
77866
778K8
77QQT
78487
7T76T
7A887
7AA74
83866
84A8A
86383
87722
882KK
88799
89489
922KK
92898
93392
93669
93838
94KK9
95859
95898
95QQ5
95K95
95A9A
993KK
99552
99772
9977Q
99TTK
99AA8
9Q9Q7
T4T88
T6T99
T8833
TT44K
TTKK3
TQT88
TK66K
TKTK5
TKK6T
Q3223
Q49Q9
Q5Q52
Q65Q6
Q664Q
Q667Q
Q73Q3
Q88Q3
Q9595
QQ323
QATQT
QAQA7
K282K
K377K
K4AAK
K533K
K8558
K9K92
KQQ55
KQQAK
KQK9Q
KK244
KK644
KK989
KKQ6Q
KKQ8Q
A2A88
A443A
A566A
A5A75
A66A4
A66AQ
A6996
A744A
AQTAT
AK3KA
AA2Q2
AAT8T
JJ4QK
J2TT5
J2QQ4
J3352
J339A
J3893
J3QJ2
J4272
J4874
J4939
J4TT2
J66K5
J699T
J7J24
J7J9Q
J7292
J7743
J8779
J8T99
J8A83
J9585
J99AT
JT6QT
JTA8A
JQ6TJ
JK4TT
JKK3A
JAJ43
JA3TT
JA525
JA6J4
2J6J7
2J62A
2JQTT
22237
22A26
232TJ
23422
24226
26272
266QJ
28JKK
28788
2TJ5J
2AT22
3J474
3J59J
3J959
32J77
33398
333TQ
35334
36656
366K6
38788
3TTT6
3QQ2Q
3QQQ5
3K66J
3K933
4J47Q
43393
43A3J
44438
4446K
4494K
44Q54
44A84
4744Q
49244
5J7J2
5JQ3Q
52A55
53565
53TJ5
54255
54T44
55J93
55529
555K6
55Q5A
578J7
57QQQ
5887J
5QAQQ
5AKAA
6J263
6JQ33
6JQAJ
62444
65Q55
65A66
66526
666KA
66856
66T4J
66Q26
68222
696J4
69T66
6T2JT
6QJ2Q
6KQQQ
7JA8J
72J7T
727QJ
736JJ
73AAA
74424
74577
747Q7
772Q7
777T5
778Q7
7TTT4
7QJQ9
7K977
7A555
7A774
8J285
8J2A8
8J363
8J48T
8J99K
8JT28
8JT83
8JQQ4
83J82
84889
87333
877A7
8799J
882J9
882K8
8848Q
88528
885Q8
88789
88853
888Q2
88QTJ
8TJ4J
8T2J2
8T898
8T98J
8QQQ4
8KAAJ
8AAAK
9J36J
9J594
9J636
9J7AJ
9JTT8
94JQ9
94QQQ
95535
95565
95585
9588J
96J2J
96T99
97277
9896J
9899K
989AJ
98TJJ
99J76
99957
99962
9998Q
999K5
9TT7J
TJ5QT
T2242
T3J9T
T5T6J
T7767
T8JQJ
T8885
TT94T
TTT5A
TTTA3
TKK3K
TATJ6
QJJT2
QJ3QK
QJ575
QJ656
QJQTK
QJKTT
QJA2A
Q272J
Q2AQJ
Q3933
Q3999
Q4424
QQJ47
QAQ6Q
QAKKJ
KJ27J
K2622
K3AAA
K7767
K7KJ8
K8A88
KTJT9
KTTT3
KQQ9J
KK2JT
KK8K4
KKK53
KKATK
KAQKK
KAKK3
AJJ95
A2QAA
A4464
A45AA
A4TAA
A6777
A92JA
A9959
ATKAA
AAJ45
AAQA4
AAA75
AAA93
J4334
J6226
J6446
J7667
J9669
JTTKK
JK7K7
JAQQA
2JQ2Q
22442
25225
26226
29292
3232J
33KJK
33K3K
3663J
3QQ33
3A3A3
3AA3A
44333
44433
44455
44747
44999
45554
48488
4TJ4T
4QQQ4
4KKK4
5J252
52525
53353
5566J
55775
558J8
55858
59599
5TT5T
63363
66226
66336
66644
666TT
66996
66Q6Q
66KK6
6886J
7227J
75775
76667
77272
77333
77447
77878
79977
79979
7Q77Q
7QQQ7
7A7A7
83383
83388
8383J
84484
85858
87788
88822
8TTT8
8K8K8
8AAJ8
9JQQ9
93933
95559
98899
99922
999KK
9A9A9
TJT33
T33T3
T5JT5
T66TT
T77T7
T888T
T99TT
TT444
TT44T
TT77T
TT999
TQTQQ
TATTA
QJ66Q
Q22QQ
Q4JQ4
Q999Q
QQ55Q
QQ8J8
QQ88Q
QQQ33
QQAQA
QAAAQ
K222K
K4K4J
K555K
K66KJ
KQQQK
KKQQJ
KKK55
KKAAA
A22A2
A444A
A55AA
A5AJ5
A7JA7
ATJAT
ATATA
AKAJK
AA77A
AAA22
JJ2AA
JJQAJ
JJAA9
J2555
J2777
J2KKJ
J3336
J5333
J595J
J63J3
J6866
J6999
J6AAA
J844J
J888A
JT4TJ
JK7KK
JKTKK
JA9AA
2J228
2J232
22223
22522
25J5J
26J22
27777
2A222
3233J
33233
33337
33339
3333T
33353
33383
34333
3933J
39999
3Q333
3QQJQ
4J445
4J64J
444JK
44442
44448
44464
444Q4
44544
44T44
48888
5J44J
5JTJ5
52J22
554J5
55455
555J3
55535
55557
5555T
55855
5595J
56555
5KKJK
5A555
6J626
6J669
6JTTT
62222
66J56
66266
66636
66656
66669
66K66
676J6
68666
6A666
7J774
7J776
7J7Q7
7JAJA
72222
744JJ
74444
77J73
77477
77776
7777T
7777K
77797
778J7
77Q77
77A77
79999
7QQQQ
7KJJK
8JQ8J
85J55
88288
88788
88838
88868
898JJ
9J799
94444
99J9T
99699
99992
9K99J
9A9J9
TJ222
TJ9TT
T2TJT
T4TTT
T6666
T8888
TT5TT
TTT6T
TTTT2
TTTT8
TTTT9
TTTAJ
TTKTJ
TQTTT
QJJQA
QJQQA
Q22J2
Q5555
Q5QQJ
Q5QQQ
Q6J66
Q6666
Q7JQQ
QQ9JQ
QQQ6J
QQQ9Q
QQQQ3
QQQQ6
QQQKQ
QKJQQ
KJJ5K
KJ777
K6KJK
K8888
KQKKK
KKJK8
KK9KJ
KKQJK
KKK3K
KKK4K
KKKK8
KKKKT
AJ333
AJATJ
A3AJA
A8888
A8AAA
ATTTT
AQQQQ
AAJ5A
AAJ8A
AA3AA
AA4AA
AA5AA
AAAA7
AAAAT
JJJJJ
JJJJ8
JJJ77
JJ888
JJAAA
J55JJ
J555J
JTJTJ
JQQJQ
JKKKK
2222J
3J333
33J3J
4J4J4
4J444
555J5
6J6J6
6J666
7J777
88J88
99J99
999JJ
TJTJT
TTJTT
QJJJQ
QJQQQ
KJKKJ
AAAJA
part 2: the total winnings are 249356515
everything took 5.664333ms
